<?xml version="1.0" encoding="utf-8"?><testsuites name="pytest tests"><testsuite name="pytest" errors="0" failures="0" skipped="0" tests="12" time="1.801" timestamp="2026-04-12T07:44:06.836665+00:00" hostname="agent-env-7abe8c26-c8a7-4be6-acf5-3d2a579c36b6"><testcase classname="tests.test_portfolio_api.TestHealthCheck" name="test_api_root_returns_active_status" time="0.283" /><testcase classname="tests.test_portfolio_api.TestPortfolioEndpoint" name="test_portfolio_returns_all_data_sections" time="0.085" /><testcase classname="tests.test_portfolio_api.TestPortfolioEndpoint" name="test_portfolio_personal_info_structure" time="0.113" /><testcase classname="tests.test_portfolio_api.TestPortfolioEndpoint" name="test_portfolio_technologies_not_empty" time="0.083" /><testcase classname="tests.test_portfolio_api.TestPortfolioEndpoint" name="test_portfolio_roadmap_events_structure" time="0.082" /><testcase classname="tests.test_portfolio_api.TestPortfolioEndpoint" name="test_portfolio_certificates_structure" time="0.105" /><testcase classname="tests.test_portfolio_api.TestProjectsEndpoint" name="test_projects_returns_4_specific_repos" time="0.383" /><testcase classname="tests.test_portfolio_api.TestProjectsEndpoint" name="test_projects_have_required_fields" time="0.161" /><testcase classname="tests.test_portfolio_api.TestProjectsEndpoint" name="test_projects_order_is_correct" time="0.164" /><testcase classname="tests.test_portfolio_api.TestContactEndpoint" name="test_contact_form_submission_success" time="0.079" /><testcase classname="tests.test_portfolio_api.TestContactEndpoint" name="test_contact_form_missing_fields" time="0.100" /><testcase classname="tests.test_portfolio_api.TestSeedDataEndpoint" name="test_seed_data_endpoint_exists" time="0.081" /></testsuite></testsuites>